<?xml version="1.0" encoding="UTF-8"?>
<!-- Generated by org.testng.reporters.JUnitReportReporter -->
<testsuite hostname="jinto" failures="0" tests="1" name="com.hexaclothes.HexaClothesAutomation.Base" time="3.550" errors="0" timestamp="2025-03-20T20:52:57 IST" skipped="0">
  <testcase classname="com.hexaclothes.HexaClothesAutomation.Base" name="setup" time="3.550"/>
  <system-out/>
</testsuite> <!-- com.hexaclothes.HexaClothesAutomation.Base -->
