<?xml version="1.0" encoding="UTF-8"?>
<!-- Generated by org.testng.reporters.JUnitReportReporter -->
<testsuite hostname="jinto" failures="0" tests="1" name="com.hexaclothes.HexaClothesAutomation.BaseTest" time="3.219" errors="0" timestamp="2025-03-20T20:13:00 IST" skipped="0">
  <testcase classname="com.hexaclothes.HexaClothesAutomation.BaseTest" name="setup" time="3.219"/>
  <system-out/>
</testsuite> <!-- com.hexaclothes.HexaClothesAutomation.BaseTest -->
