<?xml version="1.0" encoding="UTF-8"?>
<!-- Generated by org.testng.reporters.JUnitReportReporter -->
<testsuite hostname="jinto" failures="0" tests="3" name="com.hexaclothes.HexaClothesAutomation.tests.BaseTestCheck" time="0.045" errors="0" timestamp="2025-03-19T15:15:38 IST" skipped="0">
  <testcase classname="com.hexaclothes.HexaClothesAutomation.tests.BaseTestCheck" name="verifyBaseTestSetup" time="0.001"/>
  <system-out/>
  <testcase classname="com.hexaclothes.HexaClothesAutomation.tests.BaseTestCheck" name="verifyBaseTestSetup" time="0.043"/>
  <system-out/>
  <testcase classname="com.hexaclothes.HexaClothesAutomation.tests.BaseTestCheck" name="verifyBaseTestSetup" time="0.001"/>
  <system-out/>
</testsuite> <!-- com.hexaclothes.HexaClothesAutomation.tests.BaseTestCheck -->
