<?xml version="1.0" encoding="UTF-8"?>
<!-- Generated by org.testng.reporters.JUnitReportReporter -->
<testsuite hostname="jinto" failures="0" tests="3" name="com.hexaclothes.HexaClothesAutomation.CartTest" time="6.484" errors="0" timestamp="2025-03-20T20:11:09 IST" skipped="0">
  <testcase classname="com.hexaclothes.HexaClothesAutomation.CartTest" name="navigateToCartAndAddProducts" time="0.337"/>
  <system-out/>
  <testcase classname="com.hexaclothes.HexaClothesAutomation.CartTest" name="validUsernameAndValidPassword" time="0.523"/>
  <system-out/>
  <testcase classname="com.hexaclothes.HexaClothesAutomation.CartTest" name="setup" time="5.624"/>
  <system-out/>
</testsuite> <!-- com.hexaclothes.HexaClothesAutomation.CartTest -->
